This file contains any messages produced by compilers while
running configure, to aid debugging if configure makes a mistake.

It was created by configure, which was
generated by GNU Autoconf 2.69.  Invocation command line was

  $ /home/juanjomauriz/Documentos/amsn-0.98.9/configure 

## --------- ##
## Platform. ##
## --------- ##

hostname = localhost.localdomain
uname -m = i686
uname -r = 2.6.33.7-desktop586-2mnb
uname -s = Linux
uname -v = #1 SMP Mon Sep 20 18:19:58 UTC 2010

/usr/bin/uname -p = unknown
/bin/uname -X     = unknown

/bin/arch              = i686
/usr/bin/arch -k       = unknown
/usr/convex/getsysinfo = unknown
/usr/bin/hostinfo      = unknown
/bin/machine           = unknown
/usr/bin/oslevel       = unknown
/bin/universe          = unknown

PATH: /usr/lib/qt4/bin
PATH: /sbin
PATH: /usr/sbin
PATH: /bin
PATH: /usr/bin
PATH: /usr/X11R6/bin
PATH: /usr/local/bin
PATH: /usr/local/sbin


## ----------- ##
## Core tests. ##
## ----------- ##

configure:2406: checking for gcc
configure:2422: found /usr/bin/gcc
configure:2433: result: gcc
configure:2662: checking for C compiler version
configure:2671: gcc --version >&5
gcc (GCC) 4.4.3
Copyright (C) 2010 Free Software Foundation, Inc.
This is free software; see the source for copying conditions.  There is NO
warranty; not even for MERCHANTABILITY or FITNESS FOR A PARTICULAR PURPOSE.

configure:2682: $? = 0
configure:2671: gcc -v >&5
Using built-in specs.
Target: i586-manbo-linux-gnu
Configured with: ../configure --prefix=/usr --libexecdir=/usr/lib --with-slibdir=/lib --with-bugurl=https://qa.mandriva.com/ --mandir=/usr/share/man --infodir=/usr/share/info --enable-checking=release --enable-languages=c,c++,ada,fortran,objc,obj-c++,java --build=i586-manbo-linux-gnu --host=i586-manbo-linux-gnu --with-cpu=generic --with-system-zlib --enable-threads=posix --enable-shared --enable-objc-gc --enable-long-long --enable-__cxa_atexit --disable-libunwind-exceptions --enable-clocale=gnu --enable-java-awt=gtk --with-java-home=/usr/lib/jvm/java-1.5.0-gcj-1.5.0.0/jre --with-ecj-jar=/usr/share/java/eclipse-ecj.jar --enable-gtk-cairo --disable-libjava-multilib --enable-ssp --disable-libssp --disable-werror --with-ppl --with-cloog --with-python-dir=/lib/python2.6/site-packages
Thread model: posix
gcc version 4.4.3 (GCC) 
configure:2682: $? = 0
configure:2671: gcc -V >&5
gcc: '-V' option must have argument
configure:2682: $? = 1
configure:2671: gcc -qversion >&5
gcc: unrecognized option '-qversion'
gcc: no input files
configure:2682: $? = 1
configure:2702: checking whether the C compiler works
configure:2724: gcc    conftest.c  >&5
configure:2728: $? = 0
configure:2776: result: yes
configure:2779: checking for C compiler default output file name
configure:2781: result: a.out
configure:2787: checking for suffix of executables
configure:2794: gcc -o conftest    conftest.c  >&5
configure:2798: $? = 0
configure:2820: result: 
configure:2842: checking whether we are cross compiling
configure:2850: gcc -o conftest    conftest.c  >&5
configure:2854: $? = 0
configure:2861: ./conftest
configure:2865: $? = 0
configure:2880: result: no
configure:2885: checking for suffix of object files
configure:2907: gcc -c   conftest.c >&5
configure:2911: $? = 0
configure:2932: result: o
configure:2936: checking whether we are using the GNU C compiler
configure:2955: gcc -c   conftest.c >&5
configure:2955: $? = 0
configure:2964: result: yes
configure:2973: checking whether gcc accepts -g
configure:2993: gcc -c -g  conftest.c >&5
configure:2993: $? = 0
configure:3034: result: yes
configure:3051: checking for gcc option to accept ISO C89
configure:3114: gcc  -c -g -O2  conftest.c >&5
configure:3114: $? = 0
configure:3127: result: none needed
configure:3211: checking for g++
configure:3227: found /usr/bin/g++
configure:3238: result: g++
configure:3265: checking for C++ compiler version
configure:3274: g++ --version >&5
g++ (GCC) 4.4.3
Copyright (C) 2010 Free Software Foundation, Inc.
This is free software; see the source for copying conditions.  There is NO
warranty; not even for MERCHANTABILITY or FITNESS FOR A PARTICULAR PURPOSE.

configure:3285: $? = 0
configure:3274: g++ -v >&5
Using built-in specs.
Target: i586-manbo-linux-gnu
Configured with: ../configure --prefix=/usr --libexecdir=/usr/lib --with-slibdir=/lib --with-bugurl=https://qa.mandriva.com/ --mandir=/usr/share/man --infodir=/usr/share/info --enable-checking=release --enable-languages=c,c++,ada,fortran,objc,obj-c++,java --build=i586-manbo-linux-gnu --host=i586-manbo-linux-gnu --with-cpu=generic --with-system-zlib --enable-threads=posix --enable-shared --enable-objc-gc --enable-long-long --enable-__cxa_atexit --disable-libunwind-exceptions --enable-clocale=gnu --enable-java-awt=gtk --with-java-home=/usr/lib/jvm/java-1.5.0-gcj-1.5.0.0/jre --with-ecj-jar=/usr/share/java/eclipse-ecj.jar --enable-gtk-cairo --disable-libjava-multilib --enable-ssp --disable-libssp --disable-werror --with-ppl --with-cloog --with-python-dir=/lib/python2.6/site-packages
Thread model: posix
gcc version 4.4.3 (GCC) 
configure:3285: $? = 0
configure:3274: g++ -V >&5
g++: '-V' option must have argument
configure:3285: $? = 1
configure:3274: g++ -qversion >&5
g++: unrecognized option '-qversion'
g++: no input files
configure:3285: $? = 1
configure:3289: checking whether we are using the GNU C++ compiler
configure:3308: g++ -c   conftest.cpp >&5
configure:3308: $? = 0
configure:3317: result: yes
configure:3326: checking whether g++ accepts -g
configure:3346: g++ -c -g  conftest.cpp >&5
configure:3346: $? = 0
configure:3387: result: yes
configure:3434: checking tcl build dir
configure:3489: error: Unable to find Tcl directory or Tcl package is not tcl-dev

## ---------------- ##
## Cache variables. ##
## ---------------- ##

ac_cv_c_compiler_gnu=yes
ac_cv_cxx_compiler_gnu=yes
ac_cv_env_CCC_set=
ac_cv_env_CCC_value=
ac_cv_env_CC_set=
ac_cv_env_CC_value=
ac_cv_env_CFLAGS_set=
ac_cv_env_CFLAGS_value=
ac_cv_env_CPPFLAGS_set=
ac_cv_env_CPPFLAGS_value=
ac_cv_env_CPP_set=
ac_cv_env_CPP_value=
ac_cv_env_CXXFLAGS_set=
ac_cv_env_CXXFLAGS_value=
ac_cv_env_CXX_set=
ac_cv_env_CXX_value=
ac_cv_env_FARSIGHT2_CFLAGS_set=
ac_cv_env_FARSIGHT2_CFLAGS_value=
ac_cv_env_FARSIGHT2_LIBS_set=
ac_cv_env_FARSIGHT2_LIBS_value=
ac_cv_env_FARSTREAM_CFLAGS_set=
ac_cv_env_FARSTREAM_CFLAGS_value=
ac_cv_env_FARSTREAM_LIBS_set=
ac_cv_env_FARSTREAM_LIBS_value=
ac_cv_env_GLIB_CFLAGS_set=
ac_cv_env_GLIB_CFLAGS_value=
ac_cv_env_GLIB_LIBS_set=
ac_cv_env_GLIB_LIBS_value=
ac_cv_env_GST_CFLAGS_set=
ac_cv_env_GST_CFLAGS_value=
ac_cv_env_GST_INTERFACES_CFLAGS_set=
ac_cv_env_GST_INTERFACES_CFLAGS_value=
ac_cv_env_GST_INTERFACES_LIBS_set=
ac_cv_env_GST_INTERFACES_LIBS_value=
ac_cv_env_GST_LIBS_set=
ac_cv_env_GST_LIBS_value=
ac_cv_env_GUPNP_CFLAGS_set=
ac_cv_env_GUPNP_CFLAGS_value=
ac_cv_env_GUPNP_LIBS_set=
ac_cv_env_GUPNP_LIBS_value=
ac_cv_env_LDFLAGS_set=
ac_cv_env_LDFLAGS_value=
ac_cv_env_LIBS_set=
ac_cv_env_LIBS_value=
ac_cv_env_LIBV4L_CFLAGS_set=
ac_cv_env_LIBV4L_CFLAGS_value=
ac_cv_env_LIBV4L_LIBS_set=
ac_cv_env_LIBV4L_LIBS_value=
ac_cv_env_PKG_CONFIG_LIBDIR_set=
ac_cv_env_PKG_CONFIG_LIBDIR_value=
ac_cv_env_PKG_CONFIG_PATH_set=
ac_cv_env_PKG_CONFIG_PATH_value=
ac_cv_env_PKG_CONFIG_set=
ac_cv_env_PKG_CONFIG_value=
ac_cv_env_XMKMF_set=
ac_cv_env_XMKMF_value=
ac_cv_env_build_alias_set=
ac_cv_env_build_alias_value=
ac_cv_env_host_alias_set=
ac_cv_env_host_alias_value=
ac_cv_env_target_alias_set=
ac_cv_env_target_alias_value=
ac_cv_objext=o
ac_cv_prog_ac_ct_CC=gcc
ac_cv_prog_ac_ct_CXX=g++
ac_cv_prog_cc_c89=
ac_cv_prog_cc_g=yes
ac_cv_prog_cxx_g=yes

## ----------------- ##
## Output variables. ##
## ----------------- ##

APPNAME='amsn'
APPRELEASE='1'
APPSTABLE='yes'
APPVERSION='0.98.9'
BUILD_DIR='/home/juanjomauriz/Qtbuild/RecoverDrake'
CC='gcc'
CFLAGS='-g -O2'
CONFIGURE_ARGS=''
CPP=''
CPPFLAGS=''
CXX='g++'
CXXFLAGS='-g -O2'
CXX_LIB=''
DEBUG='no'
DEFS=''
ECHO_C=''
ECHO_N='-n'
ECHO_T=''
EGREP=''
EXEEXT=''
FARSIGHT2_CFLAGS=''
FARSIGHT2_LIBS=''
FARSTREAM_CFLAGS=''
FARSTREAM_LIBS=''
FOUND_OS='linux'
FOUND_X11=''
GLIB_CFLAGS=''
GLIB_LIBS=''
GREP=''
GST_CFLAGS=''
GST_INTERFACES_CFLAGS=''
GST_INTERFACES_LIBS=''
GST_LIBS=''
GUPNP_CFLAGS=''
GUPNP_LIBS=''
HAVE_FARSIGHT=''
HAVE_FARSTREAM=''
HAVE_GUPNP=''
HAVE_PKGCONFIG=''
HAVE_V4L2=''
HAVE_V4L=''
LDFLAGS=''
LDLIBS=''
LIBOBJS=''
LIBPTHREAD=''
LIBS=''
LIBV4L_CFLAGS=''
LIBV4L_LIBS=''
LTLIBOBJS=''
OBJEXT='o'
PACKAGE_BUGREPORT=''
PACKAGE_NAME=''
PACKAGE_STRING=''
PACKAGE_TARNAME=''
PACKAGE_URL=''
PACKAGE_VERSION=''
PATH_SEPARATOR=':'
PKG_CONFIG=''
PKG_CONFIG_LIBDIR=''
PKG_CONFIG_PATH=''
SHELL='/bin/sh'
STATIC='no'
TCLSH='/usr/bin/tclsh'
TCL_INC_SPEC=''
TCL_LIB_DIR='NONE/lib'
TCL_STUB_LIB_SPEC=''
TCL_VERSION=''
TK_INC_SPEC=''
TK_LIB=''
TK_LIBS=''
TK_LIB_DIR=''
TK_STUB_LIB_SPEC=''
TK_VERSION=''
TOP_DIR='/home/juanjomauriz/Documentos/amsn-0.98.9'
USE_MMX=''
XMKMF=''
X_CFLAGS=''
X_EXTRA_LIBS=''
X_LIBS=''
X_PRE_LIBS=''
ac_ct_CC='gcc'
ac_ct_CXX='g++'
bindir='${exec_prefix}/bin'
build_alias=''
datadir='${datarootdir}'
datarootdir='${prefix}/share'
docdir='${datarootdir}/doc/${PACKAGE}'
dvidir='${docdir}'
exec_prefix='NONE'
host_alias=''
htmldir='${docdir}'
includedir='${prefix}/include'
infodir='${datarootdir}/info'
libdir='${exec_prefix}/lib'
libexecdir='${exec_prefix}/libexec'
localedir='${datarootdir}/locale'
localstatedir='${prefix}/var'
mandir='${datarootdir}/man'
oldincludedir='/usr/include'
pdfdir='${docdir}'
prefix='NONE'
program_transform_name='s,x,x,'
psdir='${docdir}'
sbindir='${exec_prefix}/sbin'
sharedstatedir='${prefix}/com'
sysconfdir='${prefix}/etc'
target_alias=''

## ----------- ##
## confdefs.h. ##
## ----------- ##

/* confdefs.h */
#define PACKAGE_NAME ""
#define PACKAGE_TARNAME ""
#define PACKAGE_VERSION ""
#define PACKAGE_STRING ""
#define PACKAGE_BUGREPORT ""
#define PACKAGE_URL ""

configure: exit 1
